#
# There is insufficient memory for the Java Runtime Environment to continue.
# Native memory allocation (malloc) failed to allocate 32744 bytes for ChunkPool::allocate
# Possible reasons:
#   The system is out of physical RAM or swap space
#   In 32 bit mode, the process size limit was hit
# Possible solutions:
#   Reduce memory load on the system
#   Increase physical memory or swap space
#   Check if swap backing store is full
#   Use 64 bit Java on a 64 bit OS
#   Decrease Java heap size (-Xmx/-Xms)
#   Decrease number of Java threads
#   Decrease Java thread stack sizes (-Xss)
#   Set larger code cache with -XX:ReservedCodeCacheSize=
# This output file may be truncated or incomplete.
#
#  Out of Memory Error (allocation.cpp:273), pid=5584, tid=0x0000000000002bc8
#
# JRE version: OpenJDK Runtime Environment (8.0) (build 1.8.0-adoptopenjdk-_2018_05_19_00_59-b00)
# Java VM: OpenJDK 64-Bit Server VM (25.71-b00 mixed mode windows-amd64 compressed oops)
# Failed to write core dump. Minidumps are not enabled by default on client versions of Windows
#

---------------  T H R E A D  ---------------

Current thread (0x0000000019bf4800):  JavaThread "C1 CompilerThread2" daemon [_thread_in_native, id=11208, stack(0x000000001b540000,0x000000001b640000)]

Stack: [0x000000001b540000,0x000000001b640000]
[error occurred during error reporting (printing stack bounds), id 0xc0000005]

Native frames: (J=compiled Java code, j=interpreted, Vv=VM code, C=native code)


Current CompileTask:
C1:    366  513       3       sun.nio.fs.WindowsPathParser::parse (384 bytes)


---------------  P R O C E S S  ---------------

Java Threads: ( => current thread )
  0x0000000019c3c800 JavaThread "Service Thread" daemon [_thread_blocked, id=4288, stack(0x000000001ba40000,0x000000001bb40000)]
=>0x0000000019bf4800 JavaThread "C1 CompilerThread2" daemon [_thread_in_native, id=11208, stack(0x000000001b540000,0x000000001b640000)]
  0x0000000019bf1800 JavaThread "C2 CompilerThread1" daemon [_thread_in_native, id=9756, stack(0x000000001b440000,0x000000001b540000)]
  0x0000000019bef000 JavaThread "C2 CompilerThread0" daemon [_thread_in_native, id=12924, stack(0x000000001b340000,0x000000001b440000)]
  0x0000000019bee000 JavaThread "Attach Listener" daemon [_thread_blocked, id=12296, stack(0x000000001b240000,0x000000001b340000)]
  0x0000000019bec800 JavaThread "Signal Dispatcher" daemon [_thread_blocked, id=13104, stack(0x000000001b140000,0x000000001b240000)]
  0x0000000019bce000 JavaThread "Finalizer" daemon [_thread_blocked, id=9212, stack(0x000000001ae40000,0x000000001af40000)]
  0x0000000005149000 JavaThread "Reference Handler" daemon [_thread_blocked, id=12596, stack(0x000000001ad40000,0x000000001ae40000)]
  0x0000000005054800 JavaThread "main" [_thread_in_Java, id=2388, stack(0x0000000004f50000,0x0000000005050000)]

Other Threads:
  0x0000000019ba6800 VMThread [stack: 0x000000001ac40000,0x000000001ad40000] [id=10792]
  0x0000000019c3d000 WatcherThread [stack: 0x000000001bb40000,0x000000001bc40000] [id=1656]

VM state:not at safepoint (normal execution)

VM Mutex/Monitor currently owned by a thread: None

Heap:
 PSYoungGen      total 37888K, used 11998K [0x00000000d6380000, 0x00000000d8d80000, 0x0000000100000000)
  eden space 32768K, 36% used [0x00000000d6380000,0x00000000d6f37bd0,0x00000000d8380000)
  from space 5120K, 0% used [0x00000000d8880000,0x00000000d8880000,0x00000000d8d80000)
  to   space 5120K, 0% used [0x00000000d8380000,0x00000000d8380000,0x00000000d8880000)
 ParOldGen       total 86016K, used 0K [0x0000000082a00000, 0x0000000087e00000, 0x00000000d6380000)
  object space 86016K, 0% used [0x0000000082a00000,0x0000000082a00000,0x0000000087e00000)
 Metaspace       used 7131K, capacity 7294K, committed 7424K, reserved 1056768K
  class space    used 840K, capacity 898K, committed 1024K, reserved 1048576K

Card table byte_map: [0x0000000014510000,0x0000000014900000] byte_map_base: 0x00000000140fb000

Marking Bits: (ParMarkBitMap*) 0x000000006d31be50
 Begin Bits: [0x0000000014fa0000, 0x0000000016ef8000)
 End Bits:   [0x0000000016ef8000, 0x0000000018e50000)

Polling page: 0x0000000003130000

CodeCache: size=245760Kb used=2191Kb max_used=2191Kb free=243569Kb
 bounds [0x0000000005150000, 0x00000000053c0000, 0x0000000014150000]
 total_blobs=839 nmethods=511 adapters=240
 compilation: enabled

Compilation events (10 events):
Event: 0.359 Thread 0x0000000019bf4800 nmethod 509 0x000000000536de50 code [0x000000000536e000, 0x000000000536e668]
Event: 0.361 Thread 0x0000000019bf4800  510       3       java.util.regex.Pattern$Curly::match0 (174 bytes)
Event: 0.361 Thread 0x0000000019bf1800 nmethod 504 0x0000000005371a10 code [0x0000000005371b60, 0x0000000005371f98]
Event: 0.361 Thread 0x0000000019bf4800 nmethod 510 0x0000000005370a90 code [0x0000000005370c80, 0x00000000053716b8]
Event: 0.361 Thread 0x0000000019bf4800  511       3       java.lang.String::toString (2 bytes)
Event: 0.361 Thread 0x0000000019bf4800 nmethod 511 0x0000000005370790 code [0x00000000053708e0, 0x0000000005370a30]
Event: 0.362 Thread 0x0000000019bf4800  512       1       sun.nio.fs.WindowsException::lastError (5 bytes)
Event: 0.362 Thread 0x0000000019bf4800 nmethod 512 0x00000000053704d0 code [0x0000000005370620, 0x0000000005370730]
Event: 0.362 Thread 0x0000000019bf4800  513       3       sun.nio.fs.WindowsPathParser::parse (384 bytes)
Event: 0.364 Thread 0x0000000019bf1800  516       4       java.lang.AbstractStringBuilder::append (144 bytes)

GC Heap History (0 events):
No events

Deoptimization events (0 events):
No events

Classes redefined (0 events):
No events

Internal exceptions (10 events):
Event: 0.364 Thread 0x0000000005054800 Exception <a 'sun/nio/fs/WindowsException'> (0x00000000d6ec1220) thrown at [C:\Users\jenkins\workspace\openjdk8_build_x86-64_windows\openjdk\hotspot\src\share\vm\prims\jni.cpp, line 709]
Event: 0.364 Thread 0x0000000005054800 Exception <a 'sun/nio/fs/WindowsException'> (0x00000000d6ec1c50) thrown at [C:\Users\jenkins\workspace\openjdk8_build_x86-64_windows\openjdk\hotspot\src\share\vm\prims\jni.cpp, line 709]
Event: 0.364 Thread 0x0000000005054800 Exception <a 'sun/nio/fs/WindowsException'> (0x00000000d6ec23e8) thrown at [C:\Users\jenkins\workspace\openjdk8_build_x86-64_windows\openjdk\hotspot\src\share\vm\prims\jni.cpp, line 709]
Event: 0.364 Thread 0x0000000005054800 Exception <a 'sun/nio/fs/WindowsException'> (0x00000000d6ec2f80) thrown at [C:\Users\jenkins\workspace\openjdk8_build_x86-64_windows\openjdk\hotspot\src\share\vm\prims\jni.cpp, line 709]
Event: 0.364 Thread 0x0000000005054800 Exception <a 'sun/nio/fs/WindowsException'> (0x00000000d6ec4150) thrown at [C:\Users\jenkins\workspace\openjdk8_build_x86-64_windows\openjdk\hotspot\src\share\vm\prims\jni.cpp, line 709]
Event: 0.364 Thread 0x0000000005054800 Exception <a 'sun/nio/fs/WindowsException'> (0x00000000d6ec4908) thrown at [C:\Users\jenkins\workspace\openjdk8_build_x86-64_windows\openjdk\hotspot\src\share\vm\prims\jni.cpp, line 709]
Event: 0.364 Thread 0x0000000005054800 Exception <a 'sun/nio/fs/WindowsException'> (0x00000000d6ec52b8) thrown at [C:\Users\jenkins\workspace\openjdk8_build_x86-64_windows\openjdk\hotspot\src\share\vm\prims\jni.cpp, line 709]
Event: 0.364 Thread 0x0000000005054800 Exception <a 'sun/nio/fs/WindowsException'> (0x00000000d6ec5cc0) thrown at [C:\Users\jenkins\workspace\openjdk8_build_x86-64_windows\openjdk\hotspot\src\share\vm\prims\jni.cpp, line 709]
Event: 0.364 Thread 0x0000000005054800 Exception <a 'sun/nio/fs/WindowsException'> (0x00000000d6ec6428) thrown at [C:\Users\jenkins\workspace\openjdk8_build_x86-64_windows\openjdk\hotspot\src\share\vm\prims\jni.cpp, line 709]
Event: 0.364 Thread 0x0000000005054800 Exception <a 'sun/nio/fs/WindowsException'> (0x00000000d6ec6f68) thrown at [C:\Users\jenkins\workspace\openjdk8_build_x86-64_windows\openjdk\hotspot\src\share\vm\prims\jni.cpp, line 709]

Events (10 events):
Event: 0.360 loading class com/android/sdklib/repository/legacy/local/LocalPlatformPkgInfo
Event: 0.360 loading class com/android/sdklib/repository/legacy/local/LocalPlatformPkgInfo done
Event: 0.360 loading class com/android/sdklib/repository/legacy/descriptors/PkgDesc$Builder$3
Event: 0.360 loading class com/android/sdklib/repository/legacy/descriptors/PkgDesc$Builder$3 done
Event: 0.360 loading class com/android/sdklib/AndroidTargetHash
Event: 0.360 loading class com/android/sdklib/AndroidTargetHash done
Event: 0.364 loading class java/util/ComparableTimSort
Event: 0.365 loading class java/util/ComparableTimSort done
Event: 0.365 loading class com/android/sdklib/repository/legacy/LegacyLocalRepoLoader$LegacyLocalPackage
Event: 0.365 loading class com/android/sdklib/repository/legacy/LegacyLocalRepoLoader$LegacyLocalPackage done


Dynamic libraries:
0x00007ff7bbef0000 - 0x00007ff7bbf25000 	C:\Program Files\Unity\Hub\Editor\2019.1.0f2\Editor\Data\PlaybackEngines\AndroidPlayer\Tools\OpenJDK\Windows\bin\java.exe
0x00007ff9bb050000 - 0x00007ff9bb230000 	C:\Windows\SYSTEM32\ntdll.dll
0x00007ff9baa90000 - 0x00007ff9bab3e000 	C:\Windows\System32\KERNEL32.DLL
0x00007ff9b82b0000 - 0x00007ff9b8516000 	C:\Windows\System32\KERNELBASE.dll
0x00007ff9ba7c0000 - 0x00007ff9ba861000 	C:\Windows\System32\ADVAPI32.dll
0x00007ff9b8e50000 - 0x00007ff9b8eed000 	C:\Windows\System32\msvcrt.dll
0x00007ff9b8530000 - 0x00007ff9b858b000 	C:\Windows\System32\sechost.dll
0x00007ff9b8590000 - 0x00007ff9b86af000 	C:\Windows\System32\RPCRT4.dll
0x00007ff9ba870000 - 0x00007ff9ba9ff000 	C:\Windows\System32\USER32.dll
0x00007ff9b8230000 - 0x00007ff9b8250000 	C:\Windows\System32\win32u.dll
0x00007ff9baa60000 - 0x00007ff9baa88000 	C:\Windows\System32\GDI32.dll
0x00007ff9b7d70000 - 0x00007ff9b7f03000 	C:\Windows\System32\gdi32full.dll
0x00007ff9b7c20000 - 0x00007ff9b7cbb000 	C:\Windows\System32\msvcp_win.dll
0x00007ff9b80e0000 - 0x00007ff9b81d5000 	C:\Windows\System32\ucrtbase.dll
0x00007ff9acd30000 - 0x00007ff9acf99000 	C:\Windows\WinSxS\amd64_microsoft.windows.common-controls_6595b64144ccf1df_6.0.16299.547_none_15cdd76c936033f5\COMCTL32.dll
0x00007ff9b8b40000 - 0x00007ff9b8e47000 	C:\Windows\System32\combase.dll
0x00007ff9b7ba0000 - 0x00007ff9b7c12000 	C:\Windows\System32\bcryptPrimitives.dll
0x00007ff9b89a0000 - 0x00007ff9b89cd000 	C:\Windows\System32\IMM32.DLL
0x000000006d3a0000 - 0x000000006d472000 	C:\Program Files\Unity\Hub\Editor\2019.1.0f2\Editor\Data\PlaybackEngines\AndroidPlayer\Tools\OpenJDK\Windows\jre\bin\msvcr100.dll
0x000000006cb50000 - 0x000000006d399000 	C:\Program Files\Unity\Hub\Editor\2019.1.0f2\Editor\Data\PlaybackEngines\AndroidPlayer\Tools\OpenJDK\Windows\jre\bin\server\jvm.dll
0x00007ff9b8520000 - 0x00007ff9b8528000 	C:\Windows\System32\PSAPI.DLL
0x00007ff9a6510000 - 0x00007ff9a6519000 	C:\Windows\SYSTEM32\WSOCK32.dll
0x00007ff9b5210000 - 0x00007ff9b5233000 	C:\Windows\SYSTEM32\WINMM.dll
0x00007ff9b3020000 - 0x00007ff9b302a000 	C:\Windows\SYSTEM32\VERSION.dll
0x00007ff9ba630000 - 0x00007ff9ba69c000 	C:\Windows\System32\WS2_32.dll
0x00007ff9b4f30000 - 0x00007ff9b4f5a000 	C:\Windows\SYSTEM32\winmmbase.dll
0x00007ff9b81e0000 - 0x00007ff9b822a000 	C:\Windows\System32\cfgmgr32.dll
0x00007ff9b25f0000 - 0x00007ff9b25ff000 	C:\Program Files\Unity\Hub\Editor\2019.1.0f2\Editor\Data\PlaybackEngines\AndroidPlayer\Tools\OpenJDK\Windows\jre\bin\verify.dll
0x00007ff98e7a0000 - 0x00007ff98e7c9000 	C:\Program Files\Unity\Hub\Editor\2019.1.0f2\Editor\Data\PlaybackEngines\AndroidPlayer\Tools\OpenJDK\Windows\jre\bin\java.dll
0x00007ff996810000 - 0x00007ff996826000 	C:\Program Files\Unity\Hub\Editor\2019.1.0f2\Editor\Data\PlaybackEngines\AndroidPlayer\Tools\OpenJDK\Windows\jre\bin\zip.dll
0x00007ff9b8ef0000 - 0x00007ff9ba328000 	C:\Windows\System32\SHELL32.dll
0x00007ff9ba4b0000 - 0x00007ff9ba556000 	C:\Windows\System32\shcore.dll
0x00007ff9b7450000 - 0x00007ff9b7b97000 	C:\Windows\System32\windows.storage.dll
0x00007ff9ba450000 - 0x00007ff9ba4a1000 	C:\Windows\System32\shlwapi.dll
0x00007ff9b73a0000 - 0x00007ff9b73b1000 	C:\Windows\System32\kernel.appcore.dll
0x00007ff9b73c0000 - 0x00007ff9b740c000 	C:\Windows\System32\powrprof.dll
0x00007ff9b7430000 - 0x00007ff9b744b000 	C:\Windows\System32\profapi.dll
0x00007ff996620000 - 0x00007ff99663a000 	C:\Program Files\Unity\Hub\Editor\2019.1.0f2\Editor\Data\PlaybackEngines\AndroidPlayer\Tools\OpenJDK\Windows\jre\bin\net.dll
0x00007ff9b6c30000 - 0x00007ff9b6c96000 	C:\Windows\system32\mswsock.dll
0x00007ff991920000 - 0x00007ff991931000 	C:\Program Files\Unity\Hub\Editor\2019.1.0f2\Editor\Data\PlaybackEngines\AndroidPlayer\Tools\OpenJDK\Windows\jre\bin\nio.dll

VM Arguments:
jvm_args: -Dcom.android.sdkmanager.toolsdir=C:\Program Files\Unity\Hub\Editor\2019.1.0f2\Editor\Data\PlaybackEngines\AndroidPlayer\SDK\tools\bin\\.. 
java_command: com.android.sdklib.tool.AvdManagerCli list target -c
java_class_path (initial): C:\Program Files\Unity\Hub\Editor\2019.1.0f2\Editor\Data\PlaybackEngines\AndroidPlayer\SDK\tools\bin\..\lib\dvlib-26.0.0-dev.jar;C:\Program Files\Unity\Hub\Editor\2019.1.0f2\Editor\Data\PlaybackEngines\AndroidPlayer\SDK\tools\bin\..\lib\jimfs-1.1.jar;C:\Program Files\Unity\Hub\Editor\2019.1.0f2\Editor\Data\PlaybackEngines\AndroidPlayer\SDK\tools\bin\..\lib\jsr305-1.3.9.jar;C:\Program Files\Unity\Hub\Editor\2019.1.0f2\Editor\Data\PlaybackEngines\AndroidPlayer\SDK\tools\bin\..\lib\repository-26.0.0-dev.jar;C:\Program Files\Unity\Hub\Editor\2019.1.0f2\Editor\Data\PlaybackEngines\AndroidPlayer\SDK\tools\bin\..\lib\j2objc-annotations-1.1.jar;C:\Program Files\Unity\Hub\Editor\2019.1.0f2\Editor\Data\PlaybackEngines\AndroidPlayer\SDK\tools\bin\..\lib\layoutlib-api-26.0.0-dev.jar;C:\Program Files\Unity\Hub\Editor\2019.1.0f2\Editor\Data\PlaybackEngines\AndroidPlayer\SDK\tools\bin\..\lib\gson-2.3.jar;C:\Program Files\Unity\Hub\Editor\2019.1.0f2\Editor\Data\PlaybackEngines\AndroidPlayer\SDK\tools\bin\..\lib\httpcore-4.2.5.jar;C:\Program Files\Unity\Hub\Editor\2019.1.0f2\Editor\Data\PlaybackEngines\AndroidPlayer\SDK\tools\bin\..\lib\commons-logging-1.1.1.jar;C:\Program Files\Unity\Hub\Editor\2019.1.0f2\Editor\Data\PlaybackEngines\AndroidPlayer\SDK\tools\bin\..\lib\commons-compress-1.12.jar;C:\Program Files\Unity\Hub\Editor\2019.1.0f2\Editor\Data\PlaybackEngines\AndroidPlayer\SDK\tools\bin\..\lib\annotations-26.0.0-dev.jar;C:\Program Files\Unity\Hub\Editor\2019.1.0f2\Editor\Data\PlaybackEngines\AndroidPlayer\SDK\tools\bin\..\lib\error_prone_annotations-2.0.18.jar;C:\Program Files\Unity\Hub\Editor\2019.1.0f2\Editor\Data\PlaybackEngines\AndroidPlayer\SDK\tools\bin\..\lib\animal-sniffer-annotations-1.14.jar;C:\Program Files\Unity\Hub\Editor\2019.1.0f2\Editor\Data\PlaybackEngines\AndroidPlayer\SDK\tools\bin\..\lib\httpclient-4.2.6.jar;C:\Program Files\Unity\Hub\Editor\2019.1.0f2\Editor\Data\PlaybackEngines\AndroidPlayer\SDK\tools\bin\..\lib\commons-codec-
Launcher Type: SUN_STANDARD

Environment Variables:
JAVA_HOME=C:\Program Files\Unity\Hub\Editor\2019.1.0f2\Editor\Data\PlaybackEngines\AndroidPlayer/Tools\OpenJDK\Windows
PATH=C:\Program Files (x86)\Embarcadero\Studio\20.0\bin;C:\Users\Public\Documents\Embarcadero\Studio\20.0\Bpl;C:\Program Files (x86)\Embarcadero\Studio\20.0\bin64;C:\Users\Public\Documents\Embarcadero\Studio\20.0\Bpl\Win64;C:\Program Files (x86)\Common Files\Oracle\Java\javapath;C:\ProgramData\Oracle\Java\javapath;C:\Program Files (x86)\Intel\Intel(R) Management Engine Components\iCLS\;C:\Program Files\Intel\Intel(R) Management Engine Components\iCLS\;C:\Windows\system32;C:\Windows;C:\Windows\System32\Wbem;C:\Windows\System32\WindowsPowerShell\v1.0\;C:\Program Files (x86)\Intel\Intel(R) Management Engine Components\DAL;C:\Program Files\Intel\Intel(R) Management Engine Components\DAL;C:\Program Files (x86)\Intel\Intel(R) Management Engine Components\IPT;C:\Program Files\Intel\Intel(R) Management Engine Components\IPT;C:\Program Files\Intel\WiFi\bin\;C:\Program Files\Common Files\Intel\WirelessCommon\;C:\Program Files\dotnet\;C:\Program Files (x86)\GtkSharp\2.12\bin;C:\Program Files (x86)\NVIDIA Corporation\PhysX\Common;C:\Program Files\NVIDIA Corporation\NVIDIA NvDLISR;D:\IBM\SQLLIB\BIN;D:\IBM\SQLLIB\FUNCTION;D:\IBM\SQLLIB\SAMPLES\REPL;C:\Program Files\Microsoft SQL Server\130\Tools\Binn\;C:\Program Files\ibm\gsk8\lib64;C:\Program Files (x86)\ibm\gsk8\lib;C:\Users\Y700\AppData\Local\Microsoft\WindowsApps;C:\Program Files\Intel\WiFi\bin\;C:\Program Files\Common Files\Intel\WirelessCommon\;C:\Users\Y700\AppData\Local\GitHubDesktop\bin
USERNAME=Y700
OS=Windows_NT
PROCESSOR_IDENTIFIER=Intel64 Family 6 Model 94 Stepping 3, GenuineIntel



---------------  S Y S T E M  ---------------

OS: Windows 10.0 , 64 bit Build 16299 (10.0.16299.431)

CPU:total 4 (initial active 4) (4 cores per cpu, 1 threads per core) family 6 model 94 stepping 3, cmov, cx8, fxsr, mmx, sse, sse2, sse3, ssse3, sse4.1, sse4.2, popcnt, avx, avx2, aes, clmul, erms, rtm, 3dnowpref, lzcnt, tsc, tscinvbit, bmi1, bmi2, adx

Memory: 4k page, physical 8212480k(888260k free), swap 12402688k(4112k free)

vm_info: OpenJDK 64-Bit Server VM (25.71-b00) for windows-amd64 JRE (1.8.0-adoptopenjdk-_2018_05_19_00_59-b00), built on May 19 2018 01:02:12 by "jenkins" with MS VC++ 10.0 (VS2010)

time: Wed Jun 03 18:45:29 2020
elapsed time: 0 seconds (0d 0h 0m 0s)

