#
# There is insufficient memory for the Java Runtime Environment to continue.
# Native memory allocation (malloc) failed to allocate 1048576 bytes for AllocateHeap
# Possible reasons:
#   The system is out of physical RAM or swap space
#   In 32 bit mode, the process size limit was hit
# Possible solutions:
#   Reduce memory load on the system
#   Increase physical memory or swap space
#   Check if swap backing store is full
#   Use 64 bit Java on a 64 bit OS
#   Decrease Java heap size (-Xmx/-Xms)
#   Decrease number of Java threads
#   Decrease Java thread stack sizes (-Xss)
#   Set larger code cache with -XX:ReservedCodeCacheSize=
# This output file may be truncated or incomplete.
#
#  Out of Memory Error (memory/allocation.inline.hpp:61), pid=7852, tid=0x0000000000001f4c
#
# JRE version:  (8.0) (build )
# Java VM: OpenJDK 64-Bit Server VM (25.71-b00 mixed mode windows-amd64 compressed oops)
# Failed to write core dump. Minidumps are not enabled by default on client versions of Windows
#

---------------  T H R E A D  ---------------

Current thread (0x0000000004bce800):  JavaThread "Unknown thread" [_thread_in_vm, id=8012, stack(0x0000000004ca0000,0x0000000004da0000)]

Stack: [0x0000000004ca0000,0x0000000004da0000]
[error occurred during error reporting (printing stack bounds), id 0xc0000005]

Native frames: (J=compiled Java code, j=interpreted, Vv=VM code, C=native code)


---------------  P R O C E S S  ---------------

Java Threads: ( => current thread )

Other Threads:

=>0x0000000004bce800 (exited) JavaThread "Unknown thread" [_thread_in_vm, id=8012, stack(0x0000000004ca0000,0x0000000004da0000)]

VM state:not at safepoint (normal execution)

VM Mutex/Monitor currently owned by a thread: None

Heap:
 PSYoungGen      total 37888K, used 655K [0x000000076ab00000, 0x000000076d500000, 0x00000007c0000000)
  eden space 32768K, 2% used [0x000000076ab00000,0x000000076aba3d80,0x000000076cb00000)
  from space 5120K, 0% used [0x000000076d000000,0x000000076d000000,0x000000076d500000)
  to   space 5120K, 0% used [0x000000076cb00000,0x000000076cb00000,0x000000076d000000)
 ParOldGen       total 86016K, used 0K [0x00000006c0000000, 0x00000006c5400000, 0x000000076ab00000)
  object space 86016K, 0% used [0x00000006c0000000,0x00000006c0000000,0x00000006c5400000)
 Metaspace       used 777K, capacity 4480K, committed 4480K, reserved 1056768K
  class space    used 74K, capacity 384K, committed 384K, reserved 1048576K

Card table byte_map: [0x0000000014260000,0x0000000014a70000] byte_map_base: 0x0000000010c60000

Marking Bits: (ParMarkBitMap*) 0x000000006d75be50
 Begin Bits: [0x00000000153d0000, 0x00000000193d0000)
 End Bits:   [0x00000000193d0000, 0x000000001d3d0000)

Polling page: 0x0000000004b20000

CodeCache: size=245760Kb used=328Kb max_used=328Kb free=245431Kb
 bounds [0x0000000004ea0000, 0x0000000005110000, 0x0000000013ea0000]
 total_blobs=57 nmethods=0 adapters=38
 compilation: enabled

Compilation events (0 events):
No events

GC Heap History (0 events):
No events

Deoptimization events (0 events):
No events

Classes redefined (0 events):
No events

Internal exceptions (0 events):
No events

Events (10 events):
Event: 0.017 loading class java/lang/Short
Event: 0.017 loading class java/lang/Short done
Event: 0.017 loading class java/lang/Integer
Event: 0.017 loading class java/lang/Integer done
Event: 0.017 loading class java/lang/Long
Event: 0.017 loading class java/lang/Long done
Event: 0.018 loading class java/lang/NullPointerException
Event: 0.018 loading class java/lang/NullPointerException done
Event: 0.018 loading class java/lang/ArithmeticException
Event: 0.018 loading class java/lang/ArithmeticException done


Dynamic libraries:
0x00007ff6093c0000 - 0x00007ff6093f5000 	C:\Program Files\Unity\Hub\Editor\2019.1.0f2\Editor\Data\PlaybackEngines\AndroidPlayer\Tools\OpenJDK\Windows\bin\java.exe
0x00007ff9bb050000 - 0x00007ff9bb230000 	C:\Windows\SYSTEM32\ntdll.dll
0x00007ff9baa90000 - 0x00007ff9bab3e000 	C:\Windows\System32\KERNEL32.DLL
0x00007ff9b82b0000 - 0x00007ff9b8516000 	C:\Windows\System32\KERNELBASE.dll
0x00007ff9ba7c0000 - 0x00007ff9ba861000 	C:\Windows\System32\ADVAPI32.dll
0x00007ff9b8e50000 - 0x00007ff9b8eed000 	C:\Windows\System32\msvcrt.dll
0x00007ff9b8530000 - 0x00007ff9b858b000 	C:\Windows\System32\sechost.dll
0x00007ff9b8590000 - 0x00007ff9b86af000 	C:\Windows\System32\RPCRT4.dll
0x00007ff9ba870000 - 0x00007ff9ba9ff000 	C:\Windows\System32\USER32.dll
0x00007ff9b8230000 - 0x00007ff9b8250000 	C:\Windows\System32\win32u.dll
0x00007ff9baa60000 - 0x00007ff9baa88000 	C:\Windows\System32\GDI32.dll
0x00007ff9b7d70000 - 0x00007ff9b7f03000 	C:\Windows\System32\gdi32full.dll
0x00007ff9b7c20000 - 0x00007ff9b7cbb000 	C:\Windows\System32\msvcp_win.dll
0x00007ff9b80e0000 - 0x00007ff9b81d5000 	C:\Windows\System32\ucrtbase.dll
0x00007ff9acd30000 - 0x00007ff9acf99000 	C:\Windows\WinSxS\amd64_microsoft.windows.common-controls_6595b64144ccf1df_6.0.16299.547_none_15cdd76c936033f5\COMCTL32.dll
0x00007ff9b8b40000 - 0x00007ff9b8e47000 	C:\Windows\System32\combase.dll
0x00007ff9b7ba0000 - 0x00007ff9b7c12000 	C:\Windows\System32\bcryptPrimitives.dll
0x00007ff9b89a0000 - 0x00007ff9b89cd000 	C:\Windows\System32\IMM32.DLL
0x000000006d7e0000 - 0x000000006d8b2000 	C:\Program Files\Unity\Hub\Editor\2019.1.0f2\Editor\Data\PlaybackEngines\AndroidPlayer\Tools\OpenJDK\Windows\jre\bin\msvcr100.dll
0x000000006cf90000 - 0x000000006d7d9000 	C:\Program Files\Unity\Hub\Editor\2019.1.0f2\Editor\Data\PlaybackEngines\AndroidPlayer\Tools\OpenJDK\Windows\jre\bin\server\jvm.dll
0x00007ff9b8520000 - 0x00007ff9b8528000 	C:\Windows\System32\PSAPI.DLL
0x00007ff9a6510000 - 0x00007ff9a6519000 	C:\Windows\SYSTEM32\WSOCK32.dll
0x00007ff9b5210000 - 0x00007ff9b5233000 	C:\Windows\SYSTEM32\WINMM.dll
0x00007ff9b3020000 - 0x00007ff9b302a000 	C:\Windows\SYSTEM32\VERSION.dll
0x00007ff9ba630000 - 0x00007ff9ba69c000 	C:\Windows\System32\WS2_32.dll
0x00007ff9b4f30000 - 0x00007ff9b4f5a000 	C:\Windows\SYSTEM32\winmmbase.dll
0x00007ff9b81e0000 - 0x00007ff9b822a000 	C:\Windows\System32\cfgmgr32.dll
0x00007ff9b28e0000 - 0x00007ff9b28ef000 	C:\Program Files\Unity\Hub\Editor\2019.1.0f2\Editor\Data\PlaybackEngines\AndroidPlayer\Tools\OpenJDK\Windows\jre\bin\verify.dll
0x00007ff9902b0000 - 0x00007ff9902d9000 	C:\Program Files\Unity\Hub\Editor\2019.1.0f2\Editor\Data\PlaybackEngines\AndroidPlayer\Tools\OpenJDK\Windows\jre\bin\java.dll
0x00007ff9a1510000 - 0x00007ff9a1526000 	C:\Program Files\Unity\Hub\Editor\2019.1.0f2\Editor\Data\PlaybackEngines\AndroidPlayer\Tools\OpenJDK\Windows\jre\bin\zip.dll

VM Arguments:
jvm_args: -Xmx4096M -Dcom.android.sdkmanager.toolsdir=C:\Program Files\Unity\Hub\Editor\2019.1.0f2\Editor\Data\PlaybackEngines\AndroidPlayer\SDK\tools -Dfile.encoding=UTF8 
java_command: C:\Program Files\Unity\Hub\Editor\2019.1.0f2\Editor\Data\PlaybackEngines\AndroidPlayer/Tools\sdktools.jar -
java_class_path (initial): C:\Program Files\Unity\Hub\Editor\2019.1.0f2\Editor\Data\PlaybackEngines\AndroidPlayer/Tools\sdktools.jar
Launcher Type: SUN_STANDARD

Environment Variables:
JAVA_HOME=C:\Program Files\Unity\Hub\Editor\2019.1.0f2\Editor\Data\PlaybackEngines\AndroidPlayer/Tools\OpenJDK\Windows
PATH=C:\Program Files (x86)\Embarcadero\Studio\20.0\bin;C:\Users\Public\Documents\Embarcadero\Studio\20.0\Bpl;C:\Program Files (x86)\Embarcadero\Studio\20.0\bin64;C:\Users\Public\Documents\Embarcadero\Studio\20.0\Bpl\Win64;C:\Program Files (x86)\Common Files\Oracle\Java\javapath;C:\ProgramData\Oracle\Java\javapath;C:\Program Files (x86)\Intel\Intel(R) Management Engine Components\iCLS\;C:\Program Files\Intel\Intel(R) Management Engine Components\iCLS\;C:\Windows\system32;C:\Windows;C:\Windows\System32\Wbem;C:\Windows\System32\WindowsPowerShell\v1.0\;C:\Program Files (x86)\Intel\Intel(R) Management Engine Components\DAL;C:\Program Files\Intel\Intel(R) Management Engine Components\DAL;C:\Program Files (x86)\Intel\Intel(R) Management Engine Components\IPT;C:\Program Files\Intel\Intel(R) Management Engine Components\IPT;C:\Program Files\Intel\WiFi\bin\;C:\Program Files\Common Files\Intel\WirelessCommon\;C:\Program Files\dotnet\;C:\Program Files (x86)\GtkSharp\2.12\bin;C:\Program Files (x86)\NVIDIA Corporation\PhysX\Common;C:\Program Files\NVIDIA Corporation\NVIDIA NvDLISR;D:\IBM\SQLLIB\BIN;D:\IBM\SQLLIB\FUNCTION;D:\IBM\SQLLIB\SAMPLES\REPL;C:\Program Files\Microsoft SQL Server\130\Tools\Binn\;C:\Program Files\ibm\gsk8\lib64;C:\Program Files (x86)\ibm\gsk8\lib;C:\Users\Y700\AppData\Local\Microsoft\WindowsApps;C:\Program Files\Intel\WiFi\bin\;C:\Program Files\Common Files\Intel\WirelessCommon\;C:\Users\Y700\AppData\Local\GitHubDesktop\bin
USERNAME=Y700
OS=Windows_NT
PROCESSOR_IDENTIFIER=Intel64 Family 6 Model 94 Stepping 3, GenuineIntel



---------------  S Y S T E M  ---------------

OS: Windows 10.0 , 64 bit Build 16299 (10.0.16299.431)

CPU:total 4 (initial active 4) (4 cores per cpu, 1 threads per core) family 6 model 94 stepping 3, cmov, cx8, fxsr, mmx, sse, sse2, sse3, ssse3, sse4.1, sse4.2, popcnt, avx, avx2, aes, clmul, erms, rtm, 3dnowpref, lzcnt, tsc, tscinvbit, bmi1, bmi2, adx

Memory: 4k page, physical 8212480k(612500k free), swap 12402688k(5940k free)

vm_info: OpenJDK 64-Bit Server VM (25.71-b00) for windows-amd64 JRE (1.8.0-adoptopenjdk-_2018_05_19_00_59-b00), built on May 19 2018 01:02:12 by "jenkins" with MS VC++ 10.0 (VS2010)

time: Wed Jun 03 12:44:57 2020
elapsed time: 0 seconds (0d 0h 0m 0s)

